Error: ENOENT: no such file or directory, scandir 'data/chunks'
    at Object.readdirSync (fs.js:854:3)
    at Object.<anonymous> (/Users/nabiladnane/Desktop/SiretInvader/index.js:4:18)
    at Module._compile (internal/modules/cjs/loader.js:956:30)
    at Object.Module._extensions..js (internal/modules/cjs/loader.js:973:10)
    at Module.load (internal/modules/cjs/loader.js:812:32)
    at Function.Module._load (internal/modules/cjs/loader.js:724:14)
    at /Users/nabiladnane/Desktop/SiretInvader/node_modules/pm2/lib/ProcessContainer.js:303:25
    at wrapper (/Users/nabiladnane/Desktop/SiretInvader/node_modules/async/internal/once.js:12:16)
    at next (/Users/nabiladnane/Desktop/SiretInvader/node_modules/async/waterfall.js:96:20)
    at /Users/nabiladnane/Desktop/SiretInvader/node_modules/async/internal/onlyOnce.js:12:16
Error: ENOENT: no such file or directory, scandir 'data/chunks'
    at Object.readdirSync (fs.js:854:3)
    at Object.<anonymous> (/Users/nabiladnane/Desktop/SiretInvader/index.js:4:18)
    at Module._compile (internal/modules/cjs/loader.js:956:30)
    at Object.Module._extensions..js (internal/modules/cjs/loader.js:973:10)
    at Module.load (internal/modules/cjs/loader.js:812:32)
    at Function.Module._load (internal/modules/cjs/loader.js:724:14)
    at /Users/nabiladnane/Desktop/SiretInvader/node_modules/pm2/lib/ProcessContainer.js:303:25
    at wrapper (/Users/nabiladnane/Desktop/SiretInvader/node_modules/async/internal/once.js:12:16)
    at next (/Users/nabiladnane/Desktop/SiretInvader/node_modules/async/waterfall.js:96:20)
    at /Users/nabiladnane/Desktop/SiretInvader/node_modules/async/internal/onlyOnce.js:12:16
Error: ENOENT: no such file or directory, scandir 'data/chunks'
    at Object.readdirSync (fs.js:854:3)
    at Object.<anonymous> (/Users/nabiladnane/Desktop/SiretInvader/index.js:4:18)
    at Module._compile (internal/modules/cjs/loader.js:956:30)
    at Object.Module._extensions..js (internal/modules/cjs/loader.js:973:10)
    at Module.load (internal/modules/cjs/loader.js:812:32)
    at Function.Module._load (internal/modules/cjs/loader.js:724:14)
    at /Users/nabiladnane/Desktop/SiretInvader/node_modules/pm2/lib/ProcessContainer.js:303:25
    at wrapper (/Users/nabiladnane/Desktop/SiretInvader/node_modules/async/internal/once.js:12:16)
    at next (/Users/nabiladnane/Desktop/SiretInvader/node_modules/async/waterfall.js:96:20)
    at /Users/nabiladnane/Desktop/SiretInvader/node_modules/async/internal/onlyOnce.js:12:16
Error: ENOENT: no such file or directory, scandir 'data/chunks'
    at Object.readdirSync (fs.js:854:3)
    at Object.<anonymous> (/Users/nabiladnane/Desktop/SiretInvader/index.js:4:18)
    at Module._compile (internal/modules/cjs/loader.js:956:30)
    at Object.Module._extensions..js (internal/modules/cjs/loader.js:973:10)
    at Module.load (internal/modules/cjs/loader.js:812:32)
    at Function.Module._load (internal/modules/cjs/loader.js:724:14)
    at /Users/nabiladnane/Desktop/SiretInvader/node_modules/pm2/lib/ProcessContainer.js:303:25
    at wrapper (/Users/nabiladnane/Desktop/SiretInvader/node_modules/async/internal/once.js:12:16)
    at next (/Users/nabiladnane/Desktop/SiretInvader/node_modules/async/waterfall.js:96:20)
    at /Users/nabiladnane/Desktop/SiretInvader/node_modules/async/internal/onlyOnce.js:12:16
Error: ENOENT: no such file or directory, scandir 'data/chunks'
    at Object.readdirSync (fs.js:854:3)
    at Object.<anonymous> (/Users/nabiladnane/Desktop/SiretInvader/index.js:4:18)
    at Module._compile (internal/modules/cjs/loader.js:956:30)
    at Object.Module._extensions..js (internal/modules/cjs/loader.js:973:10)
    at Module.load (internal/modules/cjs/loader.js:812:32)
    at Function.Module._load (internal/modules/cjs/loader.js:724:14)
    at /Users/nabiladnane/Desktop/SiretInvader/node_modules/pm2/lib/ProcessContainer.js:303:25
    at wrapper (/Users/nabiladnane/Desktop/SiretInvader/node_modules/async/internal/once.js:12:16)
    at next (/Users/nabiladnane/Desktop/SiretInvader/node_modules/async/waterfall.js:96:20)
    at /Users/nabiladnane/Desktop/SiretInvader/node_modules/async/internal/onlyOnce.js:12:16
Error: ENOENT: no such file or directory, scandir 'data/chunks'
    at Object.readdirSync (fs.js:854:3)
    at Object.<anonymous> (/Users/nabiladnane/Desktop/SiretInvader/index.js:4:18)
    at Module._compile (internal/modules/cjs/loader.js:956:30)
    at Object.Module._extensions..js (internal/modules/cjs/loader.js:973:10)
    at Module.load (internal/modules/cjs/loader.js:812:32)
    at Function.Module._load (internal/modules/cjs/loader.js:724:14)
    at /Users/nabiladnane/Desktop/SiretInvader/node_modules/pm2/lib/ProcessContainer.js:303:25
    at wrapper (/Users/nabiladnane/Desktop/SiretInvader/node_modules/async/internal/once.js:12:16)
    at next (/Users/nabiladnane/Desktop/SiretInvader/node_modules/async/waterfall.js:96:20)
    at /Users/nabiladnane/Desktop/SiretInvader/node_modules/async/internal/onlyOnce.js:12:16
Error: ENOENT: no such file or directory, scandir 'data/chunks'
    at Object.readdirSync (fs.js:854:3)
    at Object.<anonymous> (/Users/nabiladnane/Desktop/SiretInvader/index.js:4:18)
    at Module._compile (internal/modules/cjs/loader.js:956:30)
    at Object.Module._extensions..js (internal/modules/cjs/loader.js:973:10)
    at Module.load (internal/modules/cjs/loader.js:812:32)
    at Function.Module._load (internal/modules/cjs/loader.js:724:14)
    at /Users/nabiladnane/Desktop/SiretInvader/node_modules/pm2/lib/ProcessContainer.js:303:25
    at wrapper (/Users/nabiladnane/Desktop/SiretInvader/node_modules/async/internal/once.js:12:16)
    at next (/Users/nabiladnane/Desktop/SiretInvader/node_modules/async/waterfall.js:96:20)
    at /Users/nabiladnane/Desktop/SiretInvader/node_modules/async/internal/onlyOnce.js:12:16
Error: ENOENT: no such file or directory, scandir 'data/chunks'
    at Object.readdirSync (fs.js:854:3)
    at Object.<anonymous> (/Users/nabiladnane/Desktop/SiretInvader/index.js:4:18)
    at Module._compile (internal/modules/cjs/loader.js:956:30)
    at Object.Module._extensions..js (internal/modules/cjs/loader.js:973:10)
    at Module.load (internal/modules/cjs/loader.js:812:32)
    at Function.Module._load (internal/modules/cjs/loader.js:724:14)
    at /Users/nabiladnane/Desktop/SiretInvader/node_modules/pm2/lib/ProcessContainer.js:303:25
    at wrapper (/Users/nabiladnane/Desktop/SiretInvader/node_modules/async/internal/once.js:12:16)
    at next (/Users/nabiladnane/Desktop/SiretInvader/node_modules/async/waterfall.js:96:20)
    at /Users/nabiladnane/Desktop/SiretInvader/node_modules/async/internal/onlyOnce.js:12:16
Error: ENOENT: no such file or directory, scandir 'data/chunks'
    at Object.readdirSync (fs.js:854:3)
    at Object.<anonymous> (/Users/nabiladnane/Desktop/SiretInvader/index.js:4:18)
    at Module._compile (internal/modules/cjs/loader.js:956:30)
    at Object.Module._extensions..js (internal/modules/cjs/loader.js:973:10)
    at Module.load (internal/modules/cjs/loader.js:812:32)
    at Function.Module._load (internal/modules/cjs/loader.js:724:14)
    at /Users/nabiladnane/Desktop/SiretInvader/node_modules/pm2/lib/ProcessContainer.js:303:25
    at wrapper (/Users/nabiladnane/Desktop/SiretInvader/node_modules/async/internal/once.js:12:16)
    at next (/Users/nabiladnane/Desktop/SiretInvader/node_modules/async/waterfall.js:96:20)
    at /Users/nabiladnane/Desktop/SiretInvader/node_modules/async/internal/onlyOnce.js:12:16
Error: ENOENT: no such file or directory, scandir 'data/chunks'
    at Object.readdirSync (fs.js:854:3)
    at Object.<anonymous> (/Users/nabiladnane/Desktop/SiretInvader/index.js:4:18)
    at Module._compile (internal/modules/cjs/loader.js:956:30)
    at Object.Module._extensions..js (internal/modules/cjs/loader.js:973:10)
    at Module.load (internal/modules/cjs/loader.js:812:32)
    at Function.Module._load (internal/modules/cjs/loader.js:724:14)
    at /Users/nabiladnane/Desktop/SiretInvader/node_modules/pm2/lib/ProcessContainer.js:303:25
    at wrapper (/Users/nabiladnane/Desktop/SiretInvader/node_modules/async/internal/once.js:12:16)
    at next (/Users/nabiladnane/Desktop/SiretInvader/node_modules/async/waterfall.js:96:20)
    at /Users/nabiladnane/Desktop/SiretInvader/node_modules/async/internal/onlyOnce.js:12:16
Error: ENOENT: no such file or directory, scandir 'data/chunks'
    at Object.readdirSync (fs.js:854:3)
    at Object.<anonymous> (/Users/nabiladnane/Desktop/SiretInvader/index.js:4:18)
    at Module._compile (internal/modules/cjs/loader.js:956:30)
    at Object.Module._extensions..js (internal/modules/cjs/loader.js:973:10)
    at Module.load (internal/modules/cjs/loader.js:812:32)
    at Function.Module._load (internal/modules/cjs/loader.js:724:14)
    at /Users/nabiladnane/Desktop/SiretInvader/node_modules/pm2/lib/ProcessContainer.js:303:25
    at wrapper (/Users/nabiladnane/Desktop/SiretInvader/node_modules/async/internal/once.js:12:16)
    at next (/Users/nabiladnane/Desktop/SiretInvader/node_modules/async/waterfall.js:96:20)
    at /Users/nabiladnane/Desktop/SiretInvader/node_modules/async/internal/onlyOnce.js:12:16
Error: ENOENT: no such file or directory, scandir 'data/chunks'
    at Object.readdirSync (fs.js:854:3)
    at Object.<anonymous> (/Users/nabiladnane/Desktop/SiretInvader/index.js:4:18)
    at Module._compile (internal/modules/cjs/loader.js:956:30)
    at Object.Module._extensions..js (internal/modules/cjs/loader.js:973:10)
    at Module.load (internal/modules/cjs/loader.js:812:32)
    at Function.Module._load (internal/modules/cjs/loader.js:724:14)
    at /Users/nabiladnane/Desktop/SiretInvader/node_modules/pm2/lib/ProcessContainer.js:303:25
    at wrapper (/Users/nabiladnane/Desktop/SiretInvader/node_modules/async/internal/once.js:12:16)
    at next (/Users/nabiladnane/Desktop/SiretInvader/node_modules/async/waterfall.js:96:20)
    at /Users/nabiladnane/Desktop/SiretInvader/node_modules/async/internal/onlyOnce.js:12:16
Error: ENOENT: no such file or directory, scandir 'data/chunks'
    at Object.readdirSync (fs.js:854:3)
    at Object.<anonymous> (/Users/nabiladnane/Desktop/SiretInvader/index.js:4:18)
    at Module._compile (internal/modules/cjs/loader.js:956:30)
    at Object.Module._extensions..js (internal/modules/cjs/loader.js:973:10)
    at Module.load (internal/modules/cjs/loader.js:812:32)
    at Function.Module._load (internal/modules/cjs/loader.js:724:14)
    at /Users/nabiladnane/Desktop/SiretInvader/node_modules/pm2/lib/ProcessContainer.js:303:25
    at wrapper (/Users/nabiladnane/Desktop/SiretInvader/node_modules/async/internal/once.js:12:16)
    at next (/Users/nabiladnane/Desktop/SiretInvader/node_modules/async/waterfall.js:96:20)
    at /Users/nabiladnane/Desktop/SiretInvader/node_modules/async/internal/onlyOnce.js:12:16
Error: ENOENT: no such file or directory, scandir 'data/chunks'
    at Object.readdirSync (fs.js:854:3)
    at Object.<anonymous> (/Users/nabiladnane/Desktop/SiretInvader/index.js:4:18)
    at Module._compile (internal/modules/cjs/loader.js:956:30)
    at Object.Module._extensions..js (internal/modules/cjs/loader.js:973:10)
    at Module.load (internal/modules/cjs/loader.js:812:32)
    at Function.Module._load (internal/modules/cjs/loader.js:724:14)
    at /Users/nabiladnane/Desktop/SiretInvader/node_modules/pm2/lib/ProcessContainer.js:303:25
    at wrapper (/Users/nabiladnane/Desktop/SiretInvader/node_modules/async/internal/once.js:12:16)
    at next (/Users/nabiladnane/Desktop/SiretInvader/node_modules/async/waterfall.js:96:20)
    at /Users/nabiladnane/Desktop/SiretInvader/node_modules/async/internal/onlyOnce.js:12:16
Error: ENOENT: no such file or directory, scandir 'data/chunks'
    at Object.readdirSync (fs.js:854:3)
    at Object.<anonymous> (/Users/nabiladnane/Desktop/SiretInvader/index.js:4:18)
    at Module._compile (internal/modules/cjs/loader.js:956:30)
    at Object.Module._extensions..js (internal/modules/cjs/loader.js:973:10)
    at Module.load (internal/modules/cjs/loader.js:812:32)
    at Function.Module._load (internal/modules/cjs/loader.js:724:14)
    at /Users/nabiladnane/Desktop/SiretInvader/node_modules/pm2/lib/ProcessContainer.js:303:25
    at wrapper (/Users/nabiladnane/Desktop/SiretInvader/node_modules/async/internal/once.js:12:16)
    at next (/Users/nabiladnane/Desktop/SiretInvader/node_modules/async/waterfall.js:96:20)
    at /Users/nabiladnane/Desktop/SiretInvader/node_modules/async/internal/onlyOnce.js:12:16
Error: ENOENT: no such file or directory, scandir 'data/chunks'
    at Object.readdirSync (fs.js:854:3)
    at Object.<anonymous> (/Users/nabiladnane/Desktop/SiretInvader/index.js:4:18)
    at Module._compile (internal/modules/cjs/loader.js:956:30)
    at Object.Module._extensions..js (internal/modules/cjs/loader.js:973:10)
    at Module.load (internal/modules/cjs/loader.js:812:32)
    at Function.Module._load (internal/modules/cjs/loader.js:724:14)
    at /Users/nabiladnane/Desktop/SiretInvader/node_modules/pm2/lib/ProcessContainer.js:303:25
    at wrapper (/Users/nabiladnane/Desktop/SiretInvader/node_modules/async/internal/once.js:12:16)
    at next (/Users/nabiladnane/Desktop/SiretInvader/node_modules/async/waterfall.js:96:20)
    at /Users/nabiladnane/Desktop/SiretInvader/node_modules/async/internal/onlyOnce.js:12:16
Error: ENFILE: file table overflow, open '/Users/nabiladnane/Desktop/SiretInvader/node_modules/@pm2/agent/constants.js'
    at Object.openSync (fs.js:440:3)
    at Object.readFileSync (fs.js:342:35)
    at Object.Module._extensions..js (internal/modules/cjs/loader.js:972:22)
    at Module.load (internal/modules/cjs/loader.js:812:32)
    at Function.Module._load (internal/modules/cjs/loader.js:724:14)
    at Module.require (internal/modules/cjs/loader.js:849:19)
    at Module.Hook._require.Module.require (/Users/nabiladnane/Desktop/SiretInvader/node_modules/require-in-the-middle/index.js:80:39)
    at require (internal/modules/cjs/helpers.js:74:18)
    at Object.<anonymous> (/Users/nabiladnane/Desktop/SiretInvader/node_modules/@pm2/agent/src/InteractorClient.js:10:19)
    at Module._compile (internal/modules/cjs/loader.js:956:30)
Error: write EPIPE
    at process.target._send (internal/child_process.js:806:20)
    at process.target.send (internal/child_process.js:676:19)
    at process.send (/Users/nabiladnane/Desktop/SiretInvader/node_modules/pm2/lib/ProcessContainer.js:51:21)
    at IPCTransport.send (/Users/nabiladnane/Desktop/SiretInvader/node_modules/@pm2/io/build/main/transports/IPCTransport.js:83:21)
    at IPCTransport.setMetrics (/Users/nabiladnane/Desktop/SiretInvader/node_modules/@pm2/io/build/main/transports/IPCTransport.js:60:14)
    at Timeout._onTimeout (/Users/nabiladnane/Desktop/SiretInvader/node_modules/@pm2/io/build/main/services/metrics.js:74:28)
    at listOnTimeout (internal/timers.js:531:17)
    at processTimers (internal/timers.js:475:7)
Error: write EPIPE
    at process.target._send (internal/child_process.js:806:20)
    at process.target.send (internal/child_process.js:676:19)
    at process.send (/Users/nabiladnane/Desktop/SiretInvader/node_modules/pm2/lib/ProcessContainer.js:51:21)
    at IPCTransport.send (/Users/nabiladnane/Desktop/SiretInvader/node_modules/@pm2/io/build/main/transports/IPCTransport.js:83:21)
    at IPCTransport.setMetrics (/Users/nabiladnane/Desktop/SiretInvader/node_modules/@pm2/io/build/main/transports/IPCTransport.js:60:14)
    at Timeout._onTimeout (/Users/nabiladnane/Desktop/SiretInvader/node_modules/@pm2/io/build/main/services/metrics.js:74:28)
    at listOnTimeout (internal/timers.js:531:17)
    at processTimers (internal/timers.js:475:7)
Error: write EPIPE
    at process.target._send (internal/child_process.js:806:20)
    at process.target.send (internal/child_process.js:676:19)
    at process.send (/Users/nabiladnane/Desktop/SiretInvader/node_modules/pm2/lib/ProcessContainer.js:51:21)
    at IPCTransport.send (/Users/nabiladnane/Desktop/SiretInvader/node_modules/@pm2/io/build/main/transports/IPCTransport.js:83:21)
    at IPCTransport.setMetrics (/Users/nabiladnane/Desktop/SiretInvader/node_modules/@pm2/io/build/main/transports/IPCTransport.js:60:14)
    at Timeout._onTimeout (/Users/nabiladnane/Desktop/SiretInvader/node_modules/@pm2/io/build/main/services/metrics.js:74:28)
    at listOnTimeout (internal/timers.js:531:17)
    at processTimers (internal/timers.js:475:7)
Error: write EPIPE
    at process.target._send (internal/child_process.js:806:20)
    at process.target.send (internal/child_process.js:676:19)
    at process.send (/Users/nabiladnane/Desktop/SiretInvader/node_modules/pm2/lib/ProcessContainer.js:51:21)
    at IPCTransport.send (/Users/nabiladnane/Desktop/SiretInvader/node_modules/@pm2/io/build/main/transports/IPCTransport.js:83:21)
    at IPCTransport.setMetrics (/Users/nabiladnane/Desktop/SiretInvader/node_modules/@pm2/io/build/main/transports/IPCTransport.js:60:14)
    at Timeout._onTimeout (/Users/nabiladnane/Desktop/SiretInvader/node_modules/@pm2/io/build/main/services/metrics.js:74:28)
    at listOnTimeout (internal/timers.js:531:17)
    at processTimers (internal/timers.js:475:7)
Error: write EPIPE
    at process.target._send (internal/child_process.js:806:20)
    at process.target.send (internal/child_process.js:676:19)
    at process.send (/Users/nabiladnane/Desktop/SiretInvader/node_modules/pm2/lib/ProcessContainer.js:51:21)
    at IPCTransport.send (/Users/nabiladnane/Desktop/SiretInvader/node_modules/@pm2/io/build/main/transports/IPCTransport.js:83:21)
    at IPCTransport.setMetrics (/Users/nabiladnane/Desktop/SiretInvader/node_modules/@pm2/io/build/main/transports/IPCTransport.js:60:14)
    at Timeout._onTimeout (/Users/nabiladnane/Desktop/SiretInvader/node_modules/@pm2/io/build/main/services/metrics.js:74:28)
    at listOnTimeout (internal/timers.js:531:17)
    at processTimers (internal/timers.js:475:7)
Error: write EPIPE
    at process.target._send (internal/child_process.js:806:20)
    at process.target.send (internal/child_process.js:676:19)
    at process.send (/Users/nabiladnane/Desktop/SiretInvader/node_modules/pm2/lib/ProcessContainer.js:51:21)
    at IPCTransport.send (/Users/nabiladnane/Desktop/SiretInvader/node_modules/@pm2/io/build/main/transports/IPCTransport.js:83:21)
    at IPCTransport.setMetrics (/Users/nabiladnane/Desktop/SiretInvader/node_modules/@pm2/io/build/main/transports/IPCTransport.js:60:14)
    at Timeout._onTimeout (/Users/nabiladnane/Desktop/SiretInvader/node_modules/@pm2/io/build/main/services/metrics.js:74:28)
    at listOnTimeout (internal/timers.js:531:17)
    at processTimers (internal/timers.js:475:7)
Error: write EPIPE
    at process.target._send (internal/child_process.js:806:20)
    at process.target.send (internal/child_process.js:676:19)
    at process.send (/Users/nabiladnane/Desktop/SiretInvader/node_modules/pm2/lib/ProcessContainer.js:51:21)
    at IPCTransport.send (/Users/nabiladnane/Desktop/SiretInvader/node_modules/@pm2/io/build/main/transports/IPCTransport.js:83:21)
    at IPCTransport.setMetrics (/Users/nabiladnane/Desktop/SiretInvader/node_modules/@pm2/io/build/main/transports/IPCTransport.js:60:14)
    at Timeout._onTimeout (/Users/nabiladnane/Desktop/SiretInvader/node_modules/@pm2/io/build/main/services/metrics.js:74:28)
    at listOnTimeout (internal/timers.js:531:17)
    at processTimers (internal/timers.js:475:7)
Error: write EPIPE
    at process.target._send (internal/child_process.js:806:20)
    at process.target.send (internal/child_process.js:676:19)
    at process.send (/Users/nabiladnane/Desktop/SiretInvader/node_modules/pm2/lib/ProcessContainer.js:51:21)
    at IPCTransport.send (/Users/nabiladnane/Desktop/SiretInvader/node_modules/@pm2/io/build/main/transports/IPCTransport.js:83:21)
    at IPCTransport.setMetrics (/Users/nabiladnane/Desktop/SiretInvader/node_modules/@pm2/io/build/main/transports/IPCTransport.js:60:14)
    at Timeout._onTimeout (/Users/nabiladnane/Desktop/SiretInvader/node_modules/@pm2/io/build/main/services/metrics.js:74:28)
    at listOnTimeout (internal/timers.js:531:17)
    at processTimers (internal/timers.js:475:7)
Error: write EPIPE
    at process.target._send (internal/child_process.js:806:20)
    at process.target.send (internal/child_process.js:676:19)
    at process.send (/Users/nabiladnane/Desktop/SiretInvader/node_modules/pm2/lib/ProcessContainer.js:51:21)
    at IPCTransport.send (/Users/nabiladnane/Desktop/SiretInvader/node_modules/@pm2/io/build/main/transports/IPCTransport.js:83:21)
    at IPCTransport.setMetrics (/Users/nabiladnane/Desktop/SiretInvader/node_modules/@pm2/io/build/main/transports/IPCTransport.js:60:14)
    at Timeout._onTimeout (/Users/nabiladnane/Desktop/SiretInvader/node_modules/@pm2/io/build/main/services/metrics.js:74:28)
    at listOnTimeout (internal/timers.js:531:17)
    at processTimers (internal/timers.js:475:7)
Error: write EPIPE
    at process.target._send (internal/child_process.js:806:20)
    at process.target.send (internal/child_process.js:676:19)
    at process.send (/Users/nabiladnane/Desktop/SiretInvader/node_modules/pm2/lib/ProcessContainer.js:51:21)
    at IPCTransport.send (/Users/nabiladnane/Desktop/SiretInvader/node_modules/@pm2/io/build/main/transports/IPCTransport.js:83:21)
    at IPCTransport.setMetrics (/Users/nabiladnane/Desktop/SiretInvader/node_modules/@pm2/io/build/main/transports/IPCTransport.js:60:14)
    at Timeout._onTimeout (/Users/nabiladnane/Desktop/SiretInvader/node_modules/@pm2/io/build/main/services/metrics.js:74:28)
    at listOnTimeout (internal/timers.js:531:17)
    at processTimers (internal/timers.js:475:7)
Error: write EPIPE
    at process.target._send (internal/child_process.js:806:20)
    at process.target.send (internal/child_process.js:676:19)
    at process.send (/Users/nabiladnane/Desktop/SiretInvader/node_modules/pm2/lib/ProcessContainer.js:51:21)
    at IPCTransport.send (/Users/nabiladnane/Desktop/SiretInvader/node_modules/@pm2/io/build/main/transports/IPCTransport.js:83:21)
    at IPCTransport.setMetrics (/Users/nabiladnane/Desktop/SiretInvader/node_modules/@pm2/io/build/main/transports/IPCTransport.js:60:14)
    at Timeout._onTimeout (/Users/nabiladnane/Desktop/SiretInvader/node_modules/@pm2/io/build/main/services/metrics.js:74:28)
    at listOnTimeout (internal/timers.js:531:17)
    at processTimers (internal/timers.js:475:7)
Error: write EPIPE
    at process.target._send (internal/child_process.js:806:20)
    at process.target.send (internal/child_process.js:676:19)
    at process.send (/Users/nabiladnane/Desktop/SiretInvader/node_modules/pm2/lib/ProcessContainer.js:51:21)
    at IPCTransport.send (/Users/nabiladnane/Desktop/SiretInvader/node_modules/@pm2/io/build/main/transports/IPCTransport.js:83:21)
    at IPCTransport.setMetrics (/Users/nabiladnane/Desktop/SiretInvader/node_modules/@pm2/io/build/main/transports/IPCTransport.js:60:14)
    at Timeout._onTimeout (/Users/nabiladnane/Desktop/SiretInvader/node_modules/@pm2/io/build/main/services/metrics.js:74:28)
    at listOnTimeout (internal/timers.js:531:17)
    at processTimers (internal/timers.js:475:7)
Error: write EPIPE
    at process.target._send (internal/child_process.js:806:20)
    at process.target.send (internal/child_process.js:676:19)
    at process.send (/Users/nabiladnane/Desktop/SiretInvader/node_modules/pm2/lib/ProcessContainer.js:51:21)
    at IPCTransport.send (/Users/nabiladnane/Desktop/SiretInvader/node_modules/@pm2/io/build/main/transports/IPCTransport.js:83:21)
    at IPCTransport.setMetrics (/Users/nabiladnane/Desktop/SiretInvader/node_modules/@pm2/io/build/main/transports/IPCTransport.js:60:14)
    at Timeout._onTimeout (/Users/nabiladnane/Desktop/SiretInvader/node_modules/@pm2/io/build/main/services/metrics.js:74:28)
    at listOnTimeout (internal/timers.js:531:17)
    at processTimers (internal/timers.js:475:7)
Error: write EPIPE
    at process.target._send (internal/child_process.js:806:20)
    at process.target.send (internal/child_process.js:676:19)
    at process.send (/Users/nabiladnane/Desktop/SiretInvader/node_modules/pm2/lib/ProcessContainer.js:51:21)
    at IPCTransport.send (/Users/nabiladnane/Desktop/SiretInvader/node_modules/@pm2/io/build/main/transports/IPCTransport.js:83:21)
    at IPCTransport.setMetrics (/Users/nabiladnane/Desktop/SiretInvader/node_modules/@pm2/io/build/main/transports/IPCTransport.js:60:14)
    at Timeout._onTimeout (/Users/nabiladnane/Desktop/SiretInvader/node_modules/@pm2/io/build/main/services/metrics.js:74:28)
    at listOnTimeout (internal/timers.js:531:17)
    at processTimers (internal/timers.js:475:7)
